#
# There is insufficient memory for the Java Runtime Environment to continue.
# Native memory allocation (mmap) failed to map 98566144 bytes for G1 virtual space
# Possible reasons:
#   The system is out of physical RAM or swap space
#   The process is running with CompressedOops enabled, and the Java Heap may be blocking the growth of the native heap
# Possible solutions:
#   Reduce memory load on the system
#   Increase physical memory or swap space
#   Check if swap backing store is full
#   Decrease Java heap size (-Xmx/-Xms)
#   Decrease number of Java threads
#   Decrease Java thread stack sizes (-Xss)
#   Set larger code cache with -XX:ReservedCodeCacheSize=
#   JVM is running with Unscaled Compressed Oops mode in which the Java heap is
#     placed in the first 4GB address space. The Java Heap base address is the
#     maximum limit for the native heap growth. Please use -XX:HeapBaseMinAddress
#     to set the Java Heap base and to place the Java Heap above 4GB virtual address.
# This output file may be truncated or incomplete.
#
#  Out of Memory Error (./open/src/hotspot/os/windows/os_windows.cpp:3321), pid=22676, tid=22724
#
# JRE version:  (15.0.2+7) (build )
# Java VM: OpenJDK 64-Bit Server VM (15.0.2+7-27, mixed mode, sharing, tiered, compressed oops, g1 gc, windows-amd64)
# No core dump will be written. Minidumps are not enabled by default on client versions of Windows
#

---------------  S U M M A R Y ------------

Command Line: -Dfile.encoding=Cp1252 --module-path=C:\Users\ronal\Downloads\postgresql-42.2.23.jar -XX:+ShowCodeDetailsInExceptionMessages aulas.bibliotecaswing.exercicios.TesteEx18

Host: Intel(R) Core(TM) i3-2348M CPU @ 2.30GHz, 4 cores, 5G,  Windows 10 , 64 bit Build 19041 (10.0.19041.1202)
Time: Thu Sep 30 18:11:11 2021 Hora oficial do Brasil elapsed time: 0.035705 seconds (0d 0h 0m 0s)

---------------  T H R E A D  ---------------

Current thread (0x000001aedd1af000):  JavaThread "Unknown thread" [_thread_in_vm, id=22724, stack(0x0000007275e00000,0x0000007275f00000)]

Stack: [0x0000007275e00000,0x0000007275f00000]
Native frames: (J=compiled Java code, j=interpreted, Vv=VM code, C=native code)
V  [jvm.dll+0x62ae9a]
V  [jvm.dll+0x7817a9]
V  [jvm.dll+0x782f03]
V  [jvm.dll+0x783563]
V  [jvm.dll+0x216325]
V  [jvm.dll+0x6281d9]
V  [jvm.dll+0x61cf55]
V  [jvm.dll+0x2cffdd]
V  [jvm.dll+0x2cfe42]
V  [jvm.dll+0x2d5e1c]
V  [jvm.dll+0x32590a]
V  [jvm.dll+0x324fd4]
V  [jvm.dll+0x2a6f5a]
V  [jvm.dll+0x2a80f8]
V  [jvm.dll+0x75e241]
V  [jvm.dll+0x3341c4]
V  [jvm.dll+0x73e926]
V  [jvm.dll+0x3b7557]
V  [jvm.dll+0x3b8fe1]
C  [jli.dll+0x52fb]
C  [ucrtbase.dll+0x21bb2]
C  [KERNEL32.DLL+0x17034]
C  [ntdll.dll+0x52651]


---------------  P R O C E S S  ---------------

Threads class SMR info:
_java_thread_list=0x00007ffb91414ff0, length=0, elements={
}

Java Threads: ( => current thread )

Other Threads:
  0x000001aedd1e75c0 GCTaskThread "GC Thread#0" [stack: 0x0000007275f00000,0x0000007276000000] [id=22728]
  0x000001aedd1f5230 ConcurrentGCThread "G1 Main Marker" [stack: 0x0000007276000000,0x0000007276100000] [id=22732]
  0x000001aedd1f5db0 ConcurrentGCThread "G1 Conc#0" [stack: 0x0000007276100000,0x0000007276200000] [id=22736]

[error occurred during error reporting (printing all threads), id 0xc0000005, EXCEPTION_ACCESS_VIOLATION (0xc0000005) at pc=0x00007ffb90c07e27]

VM state: not at safepoint (not fully initialized)

VM Mutex/Monitor currently owned by a thread:  ([mutex/lock_event])
[0x000001aedd1a9c40] Heap_lock - owner thread: 0x000001aedd1af000

Heap address: 0x00000000a2c00000, size: 1492 MB, Compressed Oops mode: 32-bit
CDS archive(s) mapped at: [0x0000000000000000-0x0000000000000000-0x0000000000000000), size 0, SharedBaseAddress: 0x0000000800000000, ArchiveRelocationMode: 0.
Narrow klass base: 0x0000000000000000, Narrow klass shift: 0, Narrow klass range: 0x0

Heap:
 garbage-first heap   total 96256K, used 0K [0x00000000a2c00000, 0x0000000100000000)
  region size 1024K, 0 young (0K), 0 survivors (0K)
 Metaspace       used 0K, capacity 0K, committed 0K, reserved 0K
  class space    used 0K, capacity 0K, committed 0K, reserved 0K

Heap Regions: E=young(eden), S=young(survivor), O=old, HS=humongous(starts), HC=humongous(continues), CS=collection set, F=free, OA=open archive, CA=closed archive, TAMS=top-at-mark-start (previous, next)

Card table byte_map: [0x000001aef1cd0000,0x000001aef1fc0000] _byte_map_base: 0x000001aef17ba000

Marking Bits (Prev, Next): (CMBitMap*) 0x000001aedd1e8d50, (CMBitMap*) 0x000001aedd1e8d90
 Prev Bits: [0x000001aef22b0000, 0x000001aef3a00000)
 Next Bits: [0x000001aef3a00000, 0x000001aef5150000)

GC Heap History (0 events):
No events

Deoptimization events (0 events):
No events

Classes unloaded (0 events):
No events

Classes redefined (0 events):
No events

Internal exceptions (0 events):
No events

Events (1 events):
Event: 0.020 Loaded shared library C:\Users\ronal\.p2\pool\plugins\org.eclipse.justj.openjdk.hotspot.jre.full.win32.x86_64_15.0.2.v20210201-0955\jre\bin\java.dll


Dynamic libraries:
0x00007ff78c660000 - 0x00007ff78c66d000 	C:\Users\ronal\.p2\pool\plugins\org.eclipse.justj.openjdk.hotspot.jre.full.win32.x86_64_15.0.2.v20210201-0955\jre\bin\javaw.exe
0x00007ffbebd50000 - 0x00007ffbebf45000 	C:\Windows\SYSTEM32\ntdll.dll
0x00007ffbeb360000 - 0x00007ffbeb41e000 	C:\Windows\System32\KERNEL32.DLL
0x00007ffbe96a0000 - 0x00007ffbe9969000 	C:\Windows\System32\KERNELBASE.dll
0x00007ffbe9b90000 - 0x00007ffbe9c90000 	C:\Windows\System32\ucrtbase.dll
0x00007ffbe52c0000 - 0x00007ffbe52d9000 	C:\Users\ronal\.p2\pool\plugins\org.eclipse.justj.openjdk.hotspot.jre.full.win32.x86_64_15.0.2.v20210201-0955\jre\bin\VCRUNTIME140.dll
0x00007ffbe52e0000 - 0x00007ffbe52f8000 	C:\Users\ronal\.p2\pool\plugins\org.eclipse.justj.openjdk.hotspot.jre.full.win32.x86_64_15.0.2.v20210201-0955\jre\bin\jli.dll
0x00007ffbea1f0000 - 0x00007ffbea391000 	C:\Windows\System32\USER32.dll
0x00007ffbe9670000 - 0x00007ffbe9692000 	C:\Windows\System32\win32u.dll
0x00007ffbea9b0000 - 0x00007ffbea9db000 	C:\Windows\System32\GDI32.dll
0x00007ffbe9c90000 - 0x00007ffbe9d9b000 	C:\Windows\System32\gdi32full.dll
0x00007ffbe9570000 - 0x00007ffbe960d000 	C:\Windows\System32\msvcp_win.dll
0x00007ffbdae80000 - 0x00007ffbdb11a000 	C:\Windows\WinSxS\amd64_microsoft.windows.common-controls_6595b64144ccf1df_6.0.19041.1110_none_60b5254171f9507e\COMCTL32.dll
0x00007ffbea910000 - 0x00007ffbea9ae000 	C:\Windows\System32\msvcrt.dll
0x00007ffbeb2a0000 - 0x00007ffbeb2d0000 	C:\Windows\System32\IMM32.DLL
0x00007ffbe52b0000 - 0x00007ffbe52bc000 	C:\Users\ronal\.p2\pool\plugins\org.eclipse.justj.openjdk.hotspot.jre.full.win32.x86_64_15.0.2.v20210201-0955\jre\bin\vcruntime140_1.dll
0x00007ffbba2f0000 - 0x00007ffbba381000 	C:\Users\ronal\.p2\pool\plugins\org.eclipse.justj.openjdk.hotspot.jre.full.win32.x86_64_15.0.2.v20210201-0955\jre\bin\msvcp140.dll
0x00007ffb90950000 - 0x00007ffb914ae000 	C:\Users\ronal\.p2\pool\plugins\org.eclipse.justj.openjdk.hotspot.jre.full.win32.x86_64_15.0.2.v20210201-0955\jre\bin\server\jvm.dll
0x00007ffbe9ed0000 - 0x00007ffbe9f7c000 	C:\Windows\System32\ADVAPI32.dll
0x00007ffbeb690000 - 0x00007ffbeb72b000 	C:\Windows\System32\sechost.dll
0x00007ffbe9da0000 - 0x00007ffbe9eca000 	C:\Windows\System32\RPCRT4.dll
0x00007ffbeb880000 - 0x00007ffbeb888000 	C:\Windows\System32\PSAPI.DLL
0x00007ffbd5a00000 - 0x00007ffbd5a09000 	C:\Windows\SYSTEM32\WSOCK32.dll
0x00007ffbea9e0000 - 0x00007ffbeaa4b000 	C:\Windows\System32\WS2_32.dll
0x00007ffbd4ba0000 - 0x00007ffbd4bc7000 	C:\Windows\SYSTEM32\WINMM.dll
0x00007ffbd8c40000 - 0x00007ffbd8c4a000 	C:\Windows\SYSTEM32\VERSION.dll
0x00007ffbe7370000 - 0x00007ffbe7382000 	C:\Windows\SYSTEM32\kernel.appcore.dll
0x00007ffbe4830000 - 0x00007ffbe483a000 	C:\Users\ronal\.p2\pool\plugins\org.eclipse.justj.openjdk.hotspot.jre.full.win32.x86_64_15.0.2.v20210201-0955\jre\bin\jimage.dll
0x00007ffbd7e30000 - 0x00007ffbd8014000 	C:\Windows\SYSTEM32\DBGHELP.DLL
0x00007ffbd7c40000 - 0x00007ffbd7c6c000 	C:\Windows\SYSTEM32\dbgcore.DLL
0x00007ffbe9970000 - 0x00007ffbe99f3000 	C:\Windows\System32\bcryptPrimitives.dll
0x00007ffbd4030000 - 0x00007ffbd4055000 	C:\Users\ronal\.p2\pool\plugins\org.eclipse.justj.openjdk.hotspot.jre.full.win32.x86_64_15.0.2.v20210201-0955\jre\bin\java.dll

dbghelp: loaded successfully - version: 4.0.5 - missing functions: none
symbol engine: initialized successfully - sym options: 0x614 - pdb path: .;C:\Users\ronal\.p2\pool\plugins\org.eclipse.justj.openjdk.hotspot.jre.full.win32.x86_64_15.0.2.v20210201-0955\jre\bin;C:\Windows\SYSTEM32;C:\Windows\WinSxS\amd64_microsoft.windows.common-controls_6595b64144ccf1df_6.0.19041.1110_none_60b5254171f9507e;C:\Users\ronal\.p2\pool\plugins\org.eclipse.justj.openjdk.hotspot.jre.full.win32.x86_64_15.0.2.v20210201-0955\jre\bin\server

VM Arguments:
jvm_args: -Dfile.encoding=Cp1252 --module-path=C:\Users\ronal\Downloads\postgresql-42.2.23.jar -XX:+ShowCodeDetailsInExceptionMessages 
java_command: aulas.bibliotecaswing.exercicios.TesteEx18
java_class_path (initial): C:\Users\ronal\OneDrive\Documentos\Documentos faculdade\4 SEMESTRE\Programação Orientada Objetos II\poo-2021-2\aulas\target\test-classes;C:\Users\ronal\OneDrive\Documentos\Documentos faculdade\4 SEMESTRE\Programação Orientada Objetos II\poo-2021-2\aulas\target\classes;C:\Users\ronal\.p2\pool\plugins\org.junit_4.13.0.v20200204-1500.jar;C:\Users\ronal\.p2\pool\plugins\org.hamcrest.core_1.3.0.v20180420-1519.jar;C:\Users\ronal\.m2\repository\com\github\douglashiura\picon\1.0.6\picon-1.0.6.jar;C:\Users\ronal\.m2\repository\junit\junit\4.12\junit-4.12.jar;C:\Users\ronal\.m2\repository\org\hamcrest\hamcrest-core\1.3\hamcrest-core-1.3.jar;C:\Users\ronal\.m2\repository\org\postgresql\postgresql\42.2.24\postgresql-42.2.24.jar;C:\Users\ronal\.m2\repository\org\checkerframework\checker-qual\3.5.0\checker-qual-3.5.0.jar
Launcher Type: SUN_STANDARD

[Global flags]
     intx CICompilerCount                          = 3                                         {product} {ergonomic}
     uint ConcGCThreads                            = 1                                         {product} {ergonomic}
     uint G1ConcRefinementThreads                  = 4                                         {product} {ergonomic}
   size_t G1HeapRegionSize                         = 1048576                                   {product} {ergonomic}
    uintx GCDrainStackTargetSize                   = 64                                        {product} {ergonomic}
   size_t InitialHeapSize                          = 98566144                                  {product} {ergonomic}
   size_t MarkStackSize                            = 4194304                                   {product} {ergonomic}
   size_t MaxHeapSize                              = 1564475392                                {product} {ergonomic}
   size_t MinHeapDeltaBytes                        = 1048576                                   {product} {ergonomic}
   size_t MinHeapSize                              = 8388608                                   {product} {ergonomic}
    uintx NonNMethodCodeHeapSize                   = 5832780                                {pd product} {ergonomic}
    uintx NonProfiledCodeHeapSize                  = 122912730                              {pd product} {ergonomic}
    uintx ProfiledCodeHeapSize                     = 122912730                              {pd product} {ergonomic}
    uintx ReservedCodeCacheSize                    = 251658240                              {pd product} {ergonomic}
     bool SegmentedCodeCache                       = true                                      {product} {ergonomic}
     bool ShowCodeDetailsInExceptionMessages       = true                                   {manageable} {command line}
   size_t SoftMaxHeapSize                          = 1564475392                             {manageable} {ergonomic}
     bool UseCompressedClassPointers               = true                                 {lp64_product} {ergonomic}
     bool UseCompressedOops                        = true                                 {lp64_product} {ergonomic}
     bool UseG1GC                                  = true                                      {product} {ergonomic}
     bool UseLargePagesIndividualAllocation        = false                                  {pd product} {ergonomic}

Logging:
Log output configuration:
 #0: stdout all=warning uptime,level,tags
 #1: stderr all=off uptime,level,tags

Environment Variables:
PATH=C:/Users/ronal/.p2/pool/plugins/org.eclipse.justj.openjdk.hotspot.jre.full.win32.x86_64_15.0.2.v20210201-0955/jre/bin/server;C:/Users/ronal/.p2/pool/plugins/org.eclipse.justj.openjdk.hotspot.jre.full.win32.x86_64_15.0.2.v20210201-0955/jre/bin;C:\Program Files\Common Files\Oracle\Java\javapath;C:\Program Files (x86)\Common Files\Oracle\Java\javapath;C:\Windows\system32;C:\Windows;C:\Windows\System32\Wbem;C:\Windows\System32\WindowsPowerShell\v1.0\;C:\Windows\System32\OpenSSH\;C:\Program Files\Git\cmd;C:\Program Files\Git\mingw64\bin;C:\Program Files\Git\usr\bin;C:\TDM-GCC-32\bin;C:\Users\ronal\AppData\Local\Programs\Python\Launcher\;C:\Users\ronal\AppData\Local\Microsoft\WindowsApps;C:\Users\ronal\Desktop;
USERNAME=ronal
OS=Windows_NT
PROCESSOR_IDENTIFIER=Intel64 Family 6 Model 42 Stepping 7, GenuineIntel



---------------  S Y S T E M  ---------------

OS:
 Windows 10 , 64 bit Build 19041 (10.0.19041.1202)
OS uptime: 0 days 3:07 hours

CPU: total 4 (initial active 4) (2 cores per cpu, 2 threads per core) family 6 model 42 stepping 7 microcode 0x2f, cmov, cx8, fxsr, mmx, sse, sse2, sse3, ssse3, sse4.1, sse4.2, popcnt, vzeroupper, avx, clmul, ht, tsc, tscinvbit, clflush

Memory: 4k page, system-wide physical 5960M (196M free)
TotalPageFile size 24392M (AvailPageFile size 54M)
current process WorkingSet (physical memory assigned to process): 10M, peak: 10M
current process commit charge ("private bytes"): 51M, peak: 145M

vm_info: OpenJDK 64-Bit Server VM (15.0.2+7-27) for windows-amd64 JRE (15.0.2+7-27), built on Dec  7 2020 20:02:38 by "mach5one" with unknown MS VC++:1925

END.
